<?xml version="1.0" encoding="UTF-8"?>
<testng-results ignored="0" total="1" passed="1" failed="0" skipped="0">
  <reporter-output>
  </reporter-output>
  <suite started-at="2024-02-02T11:14:28 BDT" name="Default suite" finished-at="2024-02-02T11:14:28 BDT" duration-ms="45">
    <groups>
    </groups>
    <test started-at="2024-02-02T11:14:28 BDT" name="Default test" finished-at="2024-02-02T11:14:28 BDT" duration-ms="45">
      <class name="testing.testng.MyFirstTesting">
        <test-method signature="name()[pri:0, instance:testing.testng.MyFirstTesting@1e1a0406]" started-at="2024-02-02T11:14:28 BDT" name="name" finished-at="2024-02-02T11:14:28 BDT" duration-ms="7" status="PASS">
          <reporter-output>
          </reporter-output>
        </test-method> <!-- name -->
      </class> <!-- testing.testng.MyFirstTesting -->
    </test> <!-- Default test -->
  </suite> <!-- Default suite -->
</testng-results>
