<?xml version="1.0" encoding="UTF-8"?>
<!-- Generated by org.testng.reporters.JUnitXMLReporter -->
<testsuite ignored="0" hostname="DESKTOP-G7JSC13" failures="0" tests="6" name="Default test" time="60.179" errors="0" timestamp="2024-02-10T17:45:29 BDT">
  <testcase classname="Swag" name="saucedemo" time="11.44"/>
  <testcase classname="Swag" name="saucedemo" time="8.119"/>
  <testcase classname="Swag" name="saucedemo" time="9.293"/>
  <testcase classname="Swag" name="saucedemo" time="13.845"/>
  <testcase classname="Swag" name="saucedemo" time="8.101"/>
  <testcase classname="Swag" name="saucedemo" time="8.733"/>
</testsuite> <!-- Default test -->
