<?xml version="1.0" encoding="UTF-8"?>
<testng-results ignored="0" total="6" passed="6" failed="0" skipped="0">
  <reporter-output>
  </reporter-output>
  <suite started-at="2024-02-10T17:44:29 BDT" name="Default suite" finished-at="2024-02-10T17:45:29 BDT" duration-ms="60179">
    <groups>
    </groups>
    <test started-at="2024-02-10T17:44:29 BDT" name="Default test" finished-at="2024-02-10T17:45:29 BDT" duration-ms="60179">
      <class name="Swag">
        <test-method signature="saucedemo(java.lang.String,java.lang.String)[pri:0, instance:Swag@29215f06]" started-at="2024-02-10T17:44:30 BDT" name="saucedemo" data-provider="userData" finished-at="2024-02-10T17:44:41 BDT" duration-ms="11440" status="PASS">
          <params>
            <param index="0">
              <value>
                <![CDATA[standard_user]]>
              </value>
            </param>
            <param index="1">
              <value>
                <![CDATA[secret_sauce]]>
              </value>
            </param>
          </params>
          <reporter-output>
          </reporter-output>
        </test-method> <!-- saucedemo -->
        <test-method signature="saucedemo(java.lang.String,java.lang.String)[pri:0, instance:Swag@29215f06]" started-at="2024-02-10T17:44:41 BDT" name="saucedemo" data-provider="userData" finished-at="2024-02-10T17:44:49 BDT" duration-ms="8119" status="PASS">
          <params>
            <param index="0">
              <value>
                <![CDATA[locked_out_user]]>
              </value>
            </param>
            <param index="1">
              <value>
                <![CDATA[secret_sauce]]>
              </value>
            </param>
          </params>
          <reporter-output>
          </reporter-output>
        </test-method> <!-- saucedemo -->
        <test-method signature="saucedemo(java.lang.String,java.lang.String)[pri:0, instance:Swag@29215f06]" started-at="2024-02-10T17:44:49 BDT" name="saucedemo" data-provider="userData" finished-at="2024-02-10T17:44:59 BDT" duration-ms="9293" status="PASS">
          <params>
            <param index="0">
              <value>
                <![CDATA[problem_user]]>
              </value>
            </param>
            <param index="1">
              <value>
                <![CDATA[secret_sauce]]>
              </value>
            </param>
          </params>
          <reporter-output>
          </reporter-output>
        </test-method> <!-- saucedemo -->
        <test-method signature="saucedemo(java.lang.String,java.lang.String)[pri:0, instance:Swag@29215f06]" started-at="2024-02-10T17:44:59 BDT" name="saucedemo" data-provider="userData" finished-at="2024-02-10T17:45:12 BDT" duration-ms="13845" status="PASS">
          <params>
            <param index="0">
              <value>
                <![CDATA[performance_glitch_user]]>
              </value>
            </param>
            <param index="1">
              <value>
                <![CDATA[secret_sauce]]>
              </value>
            </param>
          </params>
          <reporter-output>
          </reporter-output>
        </test-method> <!-- saucedemo -->
        <test-method signature="saucedemo(java.lang.String,java.lang.String)[pri:0, instance:Swag@29215f06]" started-at="2024-02-10T17:45:12 BDT" name="saucedemo" data-provider="userData" finished-at="2024-02-10T17:45:20 BDT" duration-ms="8101" status="PASS">
          <params>
            <param index="0">
              <value>
                <![CDATA[error_user]]>
              </value>
            </param>
            <param index="1">
              <value>
                <![CDATA[secret_sauce]]>
              </value>
            </param>
          </params>
          <reporter-output>
          </reporter-output>
        </test-method> <!-- saucedemo -->
        <test-method signature="saucedemo(java.lang.String,java.lang.String)[pri:0, instance:Swag@29215f06]" started-at="2024-02-10T17:45:20 BDT" name="saucedemo" data-provider="userData" finished-at="2024-02-10T17:45:29 BDT" duration-ms="8733" status="PASS">
          <params>
            <param index="0">
              <value>
                <![CDATA[visual_user]]>
              </value>
            </param>
            <param index="1">
              <value>
                <![CDATA[secret_sauce]]>
              </value>
            </param>
          </params>
          <reporter-output>
          </reporter-output>
        </test-method> <!-- saucedemo -->
      </class> <!-- Swag -->
    </test> <!-- Default test -->
  </suite> <!-- Default suite -->
</testng-results>
